f:\zzz\allcode\编译原理\语法分析2\语法分析2\debug\vc142.pdb
f:\zzz\allcode\编译原理\语法分析2\语法分析2\debug\vc142.idb
f:\zzz\allcode\编译原理\语法分析2\语法分析2\debug\main.obj
f:\zzz\allcode\编译原理\语法分析2\语法分析2\debug\lr1.obj
f:\zzz\allcode\编译原理\语法分析2\语法分析2\debug\grammar.obj
f:\zzz\allcode\编译原理\语法分析2\307-2019211424-胡敏臻-上机作业3\语法分析2\debug\vc142.pdb
f:\zzz\allcode\编译原理\语法分析2\307-2019211424-胡敏臻-上机作业3\语法分析2\debug\vc142.idb
f:\zzz\allcode\编译原理\语法分析2\307-2019211424-胡敏臻-上机作业3\语法分析2\debug\main.obj
f:\zzz\allcode\编译原理\语法分析2\307-2019211424-胡敏臻-上机作业3\语法分析2\debug\lr1.obj
f:\zzz\allcode\编译原理\语法分析2\307-2019211424-胡敏臻-上机作业3\语法分析2\debug\grammar.obj
f:\zzz\allcode\编译原理\语法分析2\debug\语法分析2.exe
f:\zzz\allcode\编译原理\语法分析2\debug\语法分析2.ilk
f:\zzz\allcode\编译原理\语法分析2\debug\语法分析2.pdb
f:\zzz\allcode\编译原理\语法分析2\307-2019211424-胡敏臻-上机作业3\debug\语法分析2.exe
f:\zzz\allcode\编译原理\语法分析2\307-2019211424-胡敏臻-上机作业3\debug\语法分析2.ilk
f:\zzz\allcode\编译原理\语法分析2\307-2019211424-胡敏臻-上机作业3\debug\语法分析2.pdb
f:\zzz\allcode\编译原理\语法分析2\307-2019211424-胡敏臻-上机作业3\语法分析2\debug\lr1.obj.enc
f:\zzz\allcode\编译原理\语法分析2\307-2019211424-胡敏臻-上机作业3\语法分析2\debug\语法分析2.tlog\cl.command.1.tlog
f:\zzz\allcode\编译原理\语法分析2\307-2019211424-胡敏臻-上机作业3\语法分析2\debug\语法分析2.tlog\cl.read.1.tlog
f:\zzz\allcode\编译原理\语法分析2\307-2019211424-胡敏臻-上机作业3\语法分析2\debug\语法分析2.tlog\cl.write.1.tlog
f:\zzz\allcode\编译原理\语法分析2\307-2019211424-胡敏臻-上机作业3\语法分析2\debug\语法分析2.tlog\link.command.1.tlog
f:\zzz\allcode\编译原理\语法分析2\307-2019211424-胡敏臻-上机作业3\语法分析2\debug\语法分析2.tlog\link.read.1.tlog
f:\zzz\allcode\编译原理\语法分析2\307-2019211424-胡敏臻-上机作业3\语法分析2\debug\语法分析2.tlog\link.write.1.tlog
