f:\zzz\allcode\编译原理\语法分析\语法分析\语法分析\debug\vc142.pdb
f:\zzz\allcode\编译原理\语法分析\语法分析\语法分析\debug\vc142.idb
f:\zzz\allcode\编译原理\语法分析\语法分析\语法分析\debug\main.obj
f:\zzz\allcode\编译原理\语法分析\语法分析\语法分析\debug\grammar.obj
f:\zzz\allcode\编译原理\语法分析\语法分析\语法分析\debug\ll1.obj
f:\zzz\allcode\编译原理\语法分析\语法分析\debug\语法分析.exe
f:\zzz\allcode\编译原理\语法分析\语法分析\debug\语法分析.ilk
f:\zzz\allcode\编译原理\语法分析\语法分析\debug\语法分析.pdb
f:\zzz\allcode\编译原理\语法分析\307-2019211424-胡敏臻-上机作业2\语法分析\debug\grammar.obj
f:\zzz\allcode\编译原理\语法分析\307-2019211424-胡敏臻-上机作业2\语法分析\debug\ll1.obj
f:\zzz\allcode\编译原理\语法分析\307-2019211424-胡敏臻-上机作业2\语法分析\debug\main.obj
f:\zzz\allcode\编译原理\语法分析\307-2019211424-胡敏臻-上机作业2\语法分析\debug\vc142.idb
f:\zzz\allcode\编译原理\语法分析\307-2019211424-胡敏臻-上机作业2\语法分析\debug\vc142.pdb
f:\zzz\allcode\编译原理\语法分析\307-2019211424-胡敏臻-上机作业2\debug\语法分析.pdb
f:\zzz\allcode\编译原理\语法分析\307-2019211424-胡敏臻-上机作业2\debug\语法分析.exe
f:\zzz\allcode\编译原理\语法分析\307-2019211424-胡敏臻-上机作业2\debug\语法分析.ilk
f:\zzz\allcode\编译原理\语法分析\307-2019211424-胡敏臻-上机作业2\语法分析\debug\语法分析.tlog\cl.command.1.tlog
f:\zzz\allcode\编译原理\语法分析\307-2019211424-胡敏臻-上机作业2\语法分析\debug\语法分析.tlog\cl.read.1.tlog
f:\zzz\allcode\编译原理\语法分析\307-2019211424-胡敏臻-上机作业2\语法分析\debug\语法分析.tlog\cl.write.1.tlog
f:\zzz\allcode\编译原理\语法分析\307-2019211424-胡敏臻-上机作业2\语法分析\debug\语法分析.tlog\link.command.1.tlog
f:\zzz\allcode\编译原理\语法分析\307-2019211424-胡敏臻-上机作业2\语法分析\debug\语法分析.tlog\link.read.1.tlog
f:\zzz\allcode\编译原理\语法分析\307-2019211424-胡敏臻-上机作业2\语法分析\debug\语法分析.tlog\link.write.1.tlog
